[debug] [2023-09-01T08:27:09.576Z] ----------------------------------------------------------------------
[debug] [2023-09-01T08:27:09.578Z] Command:       C:\Program Files\nodejs\node.exe C:\Program Files\nodejs\node_modules\firebase-tools\lib\bin\firebase.js deploy
[debug] [2023-09-01T08:27:09.578Z] CLI Version:   12.5.2
[debug] [2023-09-01T08:27:09.579Z] Platform:      win32
[debug] [2023-09-01T08:27:09.579Z] Node Version:  v18.17.1
[debug] [2023-09-01T08:27:09.580Z] Time:          Fri Sep 01 2023 13:57:09 GMT+0530 (India Standard Time)
[debug] [2023-09-01T08:27:09.580Z] ----------------------------------------------------------------------
[debug] 
[debug] [2023-09-01T08:27:09.661Z] > command requires scopes: ["email","openid","https://www.googleapis.com/auth/cloudplatformprojects.readonly","https://www.googleapis.com/auth/firebase","https://www.googleapis.com/auth/cloud-platform"]
[debug] [2023-09-01T08:27:09.662Z] > authorizing via signed-in user (maha8695@gmail.com)
[debug] [2023-09-01T08:27:09.662Z] [iam] checking project geteasttechbillingsoftware for permissions ["cloudconfig.configs.get","cloudconfig.configs.update","cloudfunctions.functions.create","cloudfunctions.functions.delete","cloudfunctions.functions.get","cloudfunctions.functions.list","cloudfunctions.functions.update","cloudfunctions.operations.get","firebase.projects.get","firebasehosting.sites.update",null]
[debug] [2023-09-01T08:27:09.664Z] >>> [apiv2][query] POST https://cloudresourcemanager.googleapis.com/v1/projects/geteasttechbillingsoftware:testIamPermissions [none]
[debug] [2023-09-01T08:27:09.664Z] >>> [apiv2][(partial)header] POST https://cloudresourcemanager.googleapis.com/v1/projects/geteasttechbillingsoftware:testIamPermissions x-goog-quota-user=projects/geteasttechbillingsoftware
[debug] [2023-09-01T08:27:09.664Z] >>> [apiv2][body] POST https://cloudresourcemanager.googleapis.com/v1/projects/geteasttechbillingsoftware:testIamPermissions {"permissions":["cloudconfig.configs.get","cloudconfig.configs.update","cloudfunctions.functions.create","cloudfunctions.functions.delete","cloudfunctions.functions.get","cloudfunctions.functions.list","cloudfunctions.functions.update","cloudfunctions.operations.get","firebase.projects.get","firebasehosting.sites.update",null]}
[debug] [2023-09-01T08:27:11.019Z] <<< [apiv2][status] POST https://cloudresourcemanager.googleapis.com/v1/projects/geteasttechbillingsoftware:testIamPermissions 200
[debug] [2023-09-01T08:27:11.019Z] <<< [apiv2][body] POST https://cloudresourcemanager.googleapis.com/v1/projects/geteasttechbillingsoftware:testIamPermissions {"permissions":["cloudconfig.configs.get","cloudconfig.configs.update","cloudfunctions.functions.create","cloudfunctions.functions.delete","cloudfunctions.functions.get","cloudfunctions.functions.list","cloudfunctions.functions.update","cloudfunctions.operations.get","firebase.projects.get","firebasehosting.sites.update"]}
[debug] [2023-09-01T08:27:11.020Z] [iam] error while checking permissions, command may fail: FirebaseError: Authorization failed. This account is missing the following required permissions on project geteasttechbillingsoftware:

  
[debug] [2023-09-01T08:27:11.020Z] >>> [apiv2][query] POST https://iam.googleapis.com/v1/projects/geteasttechbillingsoftware/serviceAccounts/geteasttechbillingsoftware@appspot.gserviceaccount.com:testIamPermissions [none]
[debug] [2023-09-01T08:27:11.021Z] >>> [apiv2][body] POST https://iam.googleapis.com/v1/projects/geteasttechbillingsoftware/serviceAccounts/geteasttechbillingsoftware@appspot.gserviceaccount.com:testIamPermissions {"permissions":["iam.serviceAccounts.actAs"]}
[debug] [2023-09-01T08:27:12.306Z] <<< [apiv2][status] POST https://iam.googleapis.com/v1/projects/geteasttechbillingsoftware/serviceAccounts/geteasttechbillingsoftware@appspot.gserviceaccount.com:testIamPermissions 200
[debug] [2023-09-01T08:27:12.306Z] <<< [apiv2][body] POST https://iam.googleapis.com/v1/projects/geteasttechbillingsoftware/serviceAccounts/geteasttechbillingsoftware@appspot.gserviceaccount.com:testIamPermissions {"permissions":["iam.serviceAccounts.actAs"]}
[debug] [2023-09-01T08:27:12.308Z] >>> [apiv2][query] GET https://firebase.googleapis.com/v1beta1/projects/geteasttechbillingsoftware [none]
[debug] [2023-09-01T08:27:12.949Z] <<< [apiv2][status] GET https://firebase.googleapis.com/v1beta1/projects/geteasttechbillingsoftware 200
[debug] [2023-09-01T08:27:12.949Z] <<< [apiv2][body] GET https://firebase.googleapis.com/v1beta1/projects/geteasttechbillingsoftware {"projectId":"geteasttechbillingsoftware","projectNumber":"83957804946","displayName":"getEastTechBillingSoftware","name":"projects/geteasttechbillingsoftware","resources":{"hostingSite":"geteasttechbillingsoftware"},"state":"ACTIVE","etag":"1_0e6a27be-390d-42cc-947a-6ce347bf36d4"}
[info] 
[info] === Deploying to 'geteasttechbillingsoftware'...
[info] 
[info] i  deploying functions, hosting, remoteconfig, extensions 
[debug] [2023-09-01T08:27:12.955Z] >>> [apiv2][query] GET https://firebase.googleapis.com/v1beta1/projects/geteasttechbillingsoftware [none]
[debug] [2023-09-01T08:27:13.344Z] <<< [apiv2][status] GET https://firebase.googleapis.com/v1beta1/projects/geteasttechbillingsoftware 200
[debug] [2023-09-01T08:27:13.344Z] <<< [apiv2][body] GET https://firebase.googleapis.com/v1beta1/projects/geteasttechbillingsoftware {"projectId":"geteasttechbillingsoftware","projectNumber":"83957804946","displayName":"getEastTechBillingSoftware","name":"projects/geteasttechbillingsoftware","resources":{"hostingSite":"geteasttechbillingsoftware"},"state":"ACTIVE","etag":"1_0e6a27be-390d-42cc-947a-6ce347bf36d4"}
[info] i  functions: preparing codebase default for deployment 
[info] i  functions: ensuring required API cloudfunctions.googleapis.com is enabled... 
[info] i  functions: ensuring required API cloudbuild.googleapis.com is enabled... 
[info] i  artifactregistry: ensuring required API artifactregistry.googleapis.com is enabled... 
[debug] [2023-09-01T08:27:13.345Z] >>> [apiv2][query] GET https://serviceusage.googleapis.com/v1/projects/geteasttechbillingsoftware/services/cloudfunctions.googleapis.com [none]
[debug] [2023-09-01T08:27:13.345Z] >>> [apiv2][(partial)header] GET https://serviceusage.googleapis.com/v1/projects/geteasttechbillingsoftware/services/cloudfunctions.googleapis.com x-goog-quota-user=projects/geteasttechbillingsoftware
[debug] [2023-09-01T08:27:13.346Z] >>> [apiv2][query] GET https://serviceusage.googleapis.com/v1/projects/geteasttechbillingsoftware/services/runtimeconfig.googleapis.com [none]
[debug] [2023-09-01T08:27:13.346Z] >>> [apiv2][(partial)header] GET https://serviceusage.googleapis.com/v1/projects/geteasttechbillingsoftware/services/runtimeconfig.googleapis.com x-goog-quota-user=projects/geteasttechbillingsoftware
[debug] [2023-09-01T08:27:13.347Z] >>> [apiv2][query] GET https://serviceusage.googleapis.com/v1/projects/geteasttechbillingsoftware/services/cloudbuild.googleapis.com [none]
[debug] [2023-09-01T08:27:13.347Z] >>> [apiv2][(partial)header] GET https://serviceusage.googleapis.com/v1/projects/geteasttechbillingsoftware/services/cloudbuild.googleapis.com x-goog-quota-user=projects/geteasttechbillingsoftware
[debug] [2023-09-01T08:27:13.348Z] >>> [apiv2][query] GET https://serviceusage.googleapis.com/v1/projects/geteasttechbillingsoftware/services/artifactregistry.googleapis.com [none]
[debug] [2023-09-01T08:27:13.348Z] >>> [apiv2][(partial)header] GET https://serviceusage.googleapis.com/v1/projects/geteasttechbillingsoftware/services/artifactregistry.googleapis.com x-goog-quota-user=projects/geteasttechbillingsoftware
[debug] [2023-09-01T08:27:14.939Z] <<< [apiv2][status] GET https://serviceusage.googleapis.com/v1/projects/geteasttechbillingsoftware/services/runtimeconfig.googleapis.com 200
[debug] [2023-09-01T08:27:14.939Z] <<< [apiv2][body] GET https://serviceusage.googleapis.com/v1/projects/geteasttechbillingsoftware/services/runtimeconfig.googleapis.com [omitted]
[debug] [2023-09-01T08:27:14.955Z] <<< [apiv2][status] GET https://serviceusage.googleapis.com/v1/projects/geteasttechbillingsoftware/services/cloudfunctions.googleapis.com 200
[debug] [2023-09-01T08:27:14.955Z] <<< [apiv2][body] GET https://serviceusage.googleapis.com/v1/projects/geteasttechbillingsoftware/services/cloudfunctions.googleapis.com [omitted]
[info] +  functions: required API cloudfunctions.googleapis.com is enabled 
[debug] [2023-09-01T08:27:14.957Z] <<< [apiv2][status] GET https://serviceusage.googleapis.com/v1/projects/geteasttechbillingsoftware/services/cloudbuild.googleapis.com 200
[debug] [2023-09-01T08:27:14.957Z] <<< [apiv2][body] GET https://serviceusage.googleapis.com/v1/projects/geteasttechbillingsoftware/services/cloudbuild.googleapis.com [omitted]
[info] +  functions: required API cloudbuild.googleapis.com is enabled 
[debug] [2023-09-01T08:27:14.989Z] <<< [apiv2][status] GET https://serviceusage.googleapis.com/v1/projects/geteasttechbillingsoftware/services/artifactregistry.googleapis.com 200
[debug] [2023-09-01T08:27:14.990Z] <<< [apiv2][body] GET https://serviceusage.googleapis.com/v1/projects/geteasttechbillingsoftware/services/artifactregistry.googleapis.com [omitted]
[info] +  artifactregistry: required API artifactregistry.googleapis.com is enabled 
[debug] [2023-09-01T08:27:14.991Z] >>> [apiv2][query] GET https://firebase.googleapis.com/v1beta1/projects/geteasttechbillingsoftware/adminSdkConfig [none]
[debug] [2023-09-01T08:27:15.372Z] <<< [apiv2][status] GET https://firebase.googleapis.com/v1beta1/projects/geteasttechbillingsoftware/adminSdkConfig 200
[debug] [2023-09-01T08:27:15.372Z] <<< [apiv2][body] GET https://firebase.googleapis.com/v1beta1/projects/geteasttechbillingsoftware/adminSdkConfig {"projectId":"geteasttechbillingsoftware","storageBucket":"geteasttechbillingsoftware.appspot.com"}
[debug] [2023-09-01T08:27:15.373Z] >>> [apiv2][query] GET https://runtimeconfig.googleapis.com/v1beta1/projects/geteasttechbillingsoftware/configs [none]
[debug] [2023-09-01T08:27:15.864Z] <<< [apiv2][status] GET https://runtimeconfig.googleapis.com/v1beta1/projects/geteasttechbillingsoftware/configs 200
[debug] [2023-09-01T08:27:15.864Z] <<< [apiv2][body] GET https://runtimeconfig.googleapis.com/v1beta1/projects/geteasttechbillingsoftware/configs {}
[debug] [2023-09-01T08:27:15.865Z] Customer code is not Node
[debug] [2023-09-01T08:27:15.865Z] Validating python source
[debug] [2023-09-01T08:27:15.865Z] Building python source
[info] i  functions: Loading and analyzing source code for codebase default to determine what to deploy 
[debug] [2023-09-01T08:27:15.866Z] Could not find functions.yaml. Must use http discovery
[debug] [2023-09-01T08:27:15.876Z] Running command with virtualenv: command="C:\Users\maha\projects\Human-Resource-management\functions\venv\Scripts\activate.bat", args=["","&&","python.exe","-c","\"import firebase_functions; import os; print(os.path.dirname(firebase_functions.__file__))\""]
[debug] [2023-09-01T08:27:15.888Z] stderr: The system cannot find the path specified.

[debug] [2023-09-01T08:27:16.129Z] Error: spawn "C:\Users\maha\projects\Human-Resource-management\functions\venv\Scripts\activate.bat" ENOENT
    at notFoundError (C:\Users\maha\AppData\Roaming\nvm\v18.17.1\node_modules\firebase-tools\node_modules\cross-spawn\lib\enoent.js:6:26)
    at verifyENOENT (C:\Users\maha\AppData\Roaming\nvm\v18.17.1\node_modules\firebase-tools\node_modules\cross-spawn\lib\enoent.js:40:16)
    at cp.emit (C:\Users\maha\AppData\Roaming\nvm\v18.17.1\node_modules\firebase-tools\node_modules\cross-spawn\lib\enoent.js:27:25)
    at ChildProcess._handle.onexit (node:internal/child_process:291:12)
[error] 
[error] Error: An unexpected error has occurred.
